<?xml version="1.0" encoding="UTF-8"?>
<!-- Generated by org.testng.reporters.JUnitReportReporter -->
<testsuite hostname="Deshan" failures="0" tests="1" name="com.qa.opencart.pagetest.LoginTest" time="3.994" errors="0" timestamp="03 Aug 2021 09:42:45 GMT" skipped="0">
  <testcase classname="com.qa.opencart.pagetest.LoginTest" name="Login_Test" time="3.994"/>
</testsuite> <!-- com.qa.opencart.pagetest.LoginTest -->
